<?xml version="1.0" encoding="UTF-8"?>
<testng-results ignored="0" total="1" passed="1" failed="0" skipped="0">
  <reporter-output>
  </reporter-output>
  <suite started-at="2024-07-02T13:47:01 KST" name="Surefire suite" finished-at="2024-07-02T13:47:01 KST" duration-ms="35">
    <groups>
    </groups>
    <test started-at="2024-07-02T13:47:01 KST" name="Surefire test" finished-at="2024-07-02T13:47:01 KST" duration-ms="35">
      <class name="Pranodayd.CalculatorAPI.AppTest">
        <test-method signature="shouldAnswerWithTrue()" started-at="2024-07-02T13:47:01 KST" name="shouldAnswerWithTrue" finished-at="2024-07-02T13:47:01 KST" duration-ms="5" status="PASS">
          <reporter-output>
          </reporter-output>
        </test-method> <!-- shouldAnswerWithTrue -->
      </class> <!-- Pranodayd.CalculatorAPI.AppTest -->
    </test> <!-- Surefire test -->
  </suite> <!-- Surefire suite -->
</testng-results>
