<?xml version="1.0" encoding="UTF-8"?>
<!-- Generated by org.testng.reporters.JUnitXMLReporter -->
<testsuite ignored="0" hostname="DESKTOP-4DUK7NH" failures="0" tests="3" name="Surefire test" time="0.037" errors="0" timestamp="2024-07-02T17:24:26 KST">
  <testcase classname="Pranodayd.CalculatorAPI.TestAdditionFunctionality" name="TestSubtractionWithPositiveNumbers" time="0.002"/>
  <testcase classname="Pranodayd.CalculatorAPI.TestMultiplicationFunctionality" name="TestSubtractionWithPositiveNumbers" time="0.0"/>
  <testcase classname="Pranodayd.CalculatorAPI.TestSubtractionFunctionality" name="TestSubtractionWithPositiveNumbers" time="0.0"/>
</testsuite> <!-- Surefire test -->
