<?xml version="1.0" encoding="UTF-8"?>
<!-- Generated by org.testng.reporters.JUnitXMLReporter -->
<testsuite ignored="0" hostname="DESKTOP-4DUK7NH" failures="1" tests="1" name="Surefire test" time="0.042" errors="0" timestamp="2024-07-02T13:47:01 KST">
  <testcase classname="Pranodayd.CalculatorAPI.TestSubtractionFunctionality" name="TestSubtractionWithPositiveNumbers" time="0.003">
    <failure type="java.lang.AssertionError" message="Subtraction does not work with 1 Positive and 1 Negative Numbers expected [60] but found [40]">
      <![CDATA[java.lang.AssertionError: Subtraction does not work with 1 Positive and 1 Negative Numbers expected [60] but found [40]
at Pranodayd.CalculatorAPI.TestSubtractionFunctionality.TestSubtractionWithPositiveNumbers(TestSubtractionFunctionality.java:25)
at java.base/java.util.ArrayList.forEach(ArrayList.java:1596)
... Removed 35 stack frames]]>
    </failure>
  </testcase> <!-- TestSubtractionWithPositiveNumbers -->
</testsuite> <!-- Surefire test -->
