<?xml version="1.0" encoding="UTF-8"?>
<testsuite xmlns:xsi="http://www.w3.org/2001/XMLSchema-instance" xsi:noNamespaceSchemaLocation="https://maven.apache.org/surefire/maven-surefire-plugin/xsd/surefire-test-report.xsd" name="TestSuite" time="0.434" tests="2" errors="0" skipped="0" failures="1">
  <properties>
[...]
</properties>
  <testcase name="TestSubtractionWithPositiveNumbers" classname="Pranodayd.CalculatorAPI.TestSubtractionFunctionality" time="0.008">
    <failure message="Subtraction does not work with 1 Positive and 1 Negative Numbers expected [60] but found [40]" type="java.lang.AssertionError">java.lang.AssertionError: Subtraction does not work with 1 Positive and 1 Negative Numbers expected [60] but found [40]
	at Pranodayd.CalculatorAPI.TestSubtractionFunctionality.TestSubtractionWithPositiveNumbers(TestSubtractionFunctionality.java:25)
</failure>
  </testcase>
  <testcase name="shouldAnswerWithTrue on shouldAnswerWithTrue(Pranodayd.CalculatorAPI.AppTest)" classname="Pranodayd.CalculatorAPI.AppTest" time="0.001"/>
</testsuite>