<?xml version="1.0" encoding="UTF-8"?>
<testsuite xmlns:xsi="http://www.w3.org/2001/XMLSchema-instance" xsi:noNamespaceSchemaLocation="https://maven.apache.org/surefire/maven-surefire-plugin/xsd/surefire-test-report.xsd" name="TestSuite" time="0.45" tests="4" errors="0" skipped="0" failures="0">
  <properties>
[...]
</properties>
  <testcase name="TestSubtractionWithPositiveNumbers" classname="Pranodayd.CalculatorAPI.TestAdditionFunctionality" time="0.003"/>
  <testcase name="TestSubtractionWithPositiveNumbers" classname="Pranodayd.CalculatorAPI.TestMultiplicationFunctionality" time="0"/>
  <testcase name="TestSubtractionWithPositiveNumbers" classname="Pranodayd.CalculatorAPI.TestSubtractionFunctionality" time="0"/>
  <testcase name="shouldAnswerWithTrue on shouldAnswerWithTrue(Pranodayd.CalculatorAPI.AppTest)" classname="Pranodayd.CalculatorAPI.AppTest" time="0.001"/>
</testsuite>